<?xml version="1.0" encoding="UTF-8"?>
<!-- Generated by org.testng.reporters.JUnitReportReporter -->
<testsuite hostname="Sushil" failures="0" tests="2" name="OnlineCarRegTest.ReadExcelData" time="84.017" errors="0" timestamp="18 May 2019 02:17:37 GMT" skipped="0">
  <testcase classname="OnlineCarRegTest.ReadExcelData" name="dvla" time="83.829"/>
  <testcase classname="OnlineCarRegTest.ReadExcelData" name="readExcelProperties" time="0.188"/>
</testsuite> <!-- OnlineCarRegTest.ReadExcelData -->
