<?xml version="1.0" encoding="UTF-8"?>
<!-- Generated by org.testng.reporters.JUnitReportReporter -->
<testsuite hostname="Sushil" failures="0" tests="1" name="Login.MavenCucumberTestNg.testnewManagerDriver" time="69.701" errors="0" timestamp="14 May 2019 04:17:58 GMT" skipped="0">
  <testcase classname="Login.MavenCucumberTestNg.testnewManagerDriver" name="browserdriver" time="69.701"/>
</testsuite> <!-- Login.MavenCucumberTestNg.testnewManagerDriver -->
