<?xml version="1.0" encoding="UTF-8"?>
<!-- Generated by org.testng.reporters.JUnitReportReporter -->
<testsuite hostname="Sushil" failures="0" tests="2" name="OnlineCarRegTest.ReadExcelData" time="57.437" errors="0" timestamp="17 May 2019 02:46:41 GMT" skipped="0">
  <testcase classname="OnlineCarRegTest.ReadExcelData" name="readExcelProperties" time="0.022"/>
  <testcase classname="OnlineCarRegTest.ReadExcelData" name="dvla" time="57.415"/>
</testsuite> <!-- OnlineCarRegTest.ReadExcelData -->
