<?xml version="1.0" encoding="UTF-8"?>
<!-- Generated by org.testng.reporters.JUnitReportReporter -->
<testsuite hostname="Sushil" failures="0" tests="2" name="OnlineCarRegTest.ReadExcelData" time="43.652" errors="0" timestamp="19 May 2019 23:42:29 GMT" skipped="0">
  <testcase classname="OnlineCarRegTest.ReadExcelData" name="readExcelProperties" time="0.014"/>
  <testcase classname="OnlineCarRegTest.ReadExcelData" name="dvla" time="43.638"/>
</testsuite> <!-- OnlineCarRegTest.ReadExcelData -->
